2024-11-07T19:09:50.330462Z DEBUG engine::tree: Inserting new block into tree block=NumHash { number: 21137767, hash: 0x8d1db8600501aafc92af589f8d564f9663998debf5ba6b41320b67895ee2b1b2 }
2024-11-07T19:09:50.420185Z DEBUG trie::parallel_state_root: pre-calculating storage roots len=396
2024-11-07T19:09:50.796502Z DEBUG engine::tree: Calculated state root root_elapsed=383.252787ms block_number=21137767
2024-11-07T19:09:50.796515Z DEBUG engine::tree: updating pending block pending=NumHash { number: 21137767, hash: 0x8d1db8600501aafc92af589f8d564f9663998debf5ba6b41320b67895ee2b1b2 }
2024-11-07T19:09:50.796564Z DEBUG engine::tree: Finished inserting block block=NumHash { number: 21137767, hash: 0x8d1db8600501aafc92af589f8d564f9663998debf5ba6b41320b67895ee2b1b2 }
2024-11-07T19:09:50.796617Z DEBUG reth::cli: Event: Handler(CanonicalBlockAdded(NumHash { number: 21137767, hash: 0x8d1db8600501aafc92af589f8d564f9663998debf5ba6b41320b67895ee2b1b2 }, 465.824673ms))
2024-11-07T19:09:50.796653Z  INFO reth_node_events::node: Block added to canonical chain number=21137767 hash=0x8d1db8600501aafc92af589f8d564f9663998debf5ba6b41320b67895ee2b1b2 peers=100 txs=197 gas=17.72 Mgas gas_throughput=38.04 Mgas/second full=59.1% base_fee=20.57gwei blobs=6 excess_blobs=469 elapsed=465.824673ms
2024-11-07T19:09:50.983300Z DEBUG engine::tree: received new engine message msg=Request(ForkchoiceUpdated { state: ForkchoiceState { head_block_hash: 0x8d1db8600501aafc92af589f8d564f9663998debf5ba6b41320b67895ee2b1b2, safe_block_hash: 0x3198732a7f2ae169d5dacf0324ed97003aa40f9e9bdf67d26d8a88b79b789d56, finalized_block_hash: 0x2c419e41b2f24c72549f62b875e377d21d24f7cd02ccbe9c399ddbfb9b354a50 }, has_payload_attributes: false })
2024-11-07T19:09:50.983692Z DEBUG engine::tree: Returning canonical blocks to persist last_persisted_number=21137764 canonical_head_number=21137767 target_number=21137765 current_hash=0x8d1db8600501aafc92af589f8d564f9663998debf5ba6b41320b67895ee2b1b2
2024-11-07T19:09:50.983756Z DEBUG reth::cli: Event: Handler(CanonicalChainCommitted(NumHash { number: 21137767, hash: 0x8d1db8600501aafc92af589f8d564f9663998debf5ba6b41320b67895ee2b1b2 }, 328.192µs))
2024-11-07T19:09:50.983779Z DEBUG reth::cli: Event: Handler(ForkchoiceUpdated(ForkchoiceState { head_block_hash: 0x8d1db8600501aafc92af589f8d564f9663998debf5ba6b41320b67895ee2b1b2, safe_block_hash: 0x3198732a7f2ae169d5dacf0324ed97003aa40f9e9bdf67d26d8a88b79b789d56, finalized_block_hash: 0x2c419e41b2f24c72549f62b875e377d21d24f7cd02ccbe9c399ddbfb9b354a50 }, Valid))
2024-11-07T19:09:50.983807Z  INFO reth_node_events::node: Canonical chain committed number=21137767 hash=0x8d1db8600501aafc92af589f8d564f9663998debf5ba6b41320b67895ee2b1b2 elapsed=328.192µs
2024-11-07T19:09:50.983868Z DEBUG engine::persistence: Saving range of blocks first=Some(NumHash { number: 21137765, hash: 0x73550c7a14200d97cb04b9a7b98449ecef473eda6b58b7a5d607975850c2511c }) last=Some(NumHash { number: 21137765, hash: 0x73550c7a14200d97cb04b9a7b98449ecef473eda6b58b7a5d607975850c2511c })
2024-11-07T19:09:50.983936Z DEBUG provider::storage_writer: Writing blocks and execution data to storage block_count=1
2024-11-07T19:09:51.017669Z DEBUG providers::db: Inserted block block_number=21137765 actions=[(InsertCanonicalHeaders, 79.817µs), (InsertHeaders, 35.591µs), (InsertHeaderNumbers, 36.968µs), (GetParentTD, 519ns), (InsertHeaderTerminalDifficulties, 12.594µs), (GetNextTxNum, 6.417µs), (InsertTransactionSenders, 248.569µs), (InsertTransactions, 1.460745ms), (InsertTransactionHashNumbers, 31.575507ms), (InsertBlockWithdrawals, 61.66µs), (InsertBlockBodyIndices, 58.66µs), (InsertTransactionBlocks, 63.456µs)]
2024-11-07T19:09:51.017699Z DEBUG provider::storage_writer: Writing headers and transactions.
2024-11-07T19:09:51.017719Z DEBUG provider::storage_writer: Updating transaction metadata after writing block_num=21137765
2024-11-07T19:09:51.154022Z DEBUG provider::storage_writer: Appended block data range=21137765..=21137765
2024-11-07T19:09:51.158825Z DEBUG provider::static_file: Commit segment=Headers path="/root/.local/share/reth/mainnet/static_files/static_file_headers_21000000_21499999" duration=4.768966ms
2024-11-07T19:09:51.162716Z DEBUG provider::static_file: Commit segment=Transactions path="/root/.local/share/reth/mainnet/static_files/static_file_transactions_21000000_21499999" duration=3.65405ms
2024-11-07T19:09:51.166820Z DEBUG provider::static_file: Commit segment=Receipts path="/root/.local/share/reth/mainnet/static_files/static_file_receipts_21000000_21499999" duration=3.849603ms
2024-11-07T19:09:51.294062Z DEBUG storage::db::mdbx: Commit total_duration=127.002174ms commit_latency=Some(CommitLatency(MDBX_commit_latency { preparation: 0, gc_wallclock: 23, audit: 0, write: 0, sync: 8291, ending: 2, whole: 8318, gc_cputime: 0, gc_prof: MDBX_commit_latency__bindgen_ty_1 { wloops: 0, coalescences: 0, wipes: 0, flushes: 0, kicks: 0, work_counter: 0, work_rtime_monotonic: 0, work_xtime_cpu: 0, work_rsteps: 0, work_xpages: 0, work_majflt: 0, self_counter: 0, self_rtime_monotonic: 0, self_xtime_cpu: 0, self_rsteps: 0, self_xpages: 0, self_majflt: 0 } })) is_read_only=false
2024-11-07T19:09:51.483789Z DEBUG engine::tree: received no engine message for some time, while waiting for persistence task to complete
2024-11-07T19:09:51.483850Z DEBUG engine::tree: Removing blocks from the tree upper_bound=NumHash { number: 21137765, hash: 0x73550c7a14200d97cb04b9a7b98449ecef473eda6b58b7a5d607975850c2511c } finalized_num_hash=Some(NumHash { number: 21137700, hash: 0x2c419e41b2f24c72549f62b875e377d21d24f7cd02ccbe9c399ddbfb9b354a50 })
2024-11-07T19:09:51.483861Z DEBUG engine::tree: Removing canonical blocks from the tree upper_bound=21137765 last_persisted_hash=0x73550c7a14200d97cb04b9a7b98449ecef473eda6b58b7a5d607975850c2511c
2024-11-07T19:09:51.483866Z DEBUG engine::tree: Attempting to remove block walking back from the head num_hash=NumHash { number: 21137765, hash: 0x73550c7a14200d97cb04b9a7b98449ecef473eda6b58b7a5d607975850c2511c }
2024-11-07T19:09:51.483873Z DEBUG engine::tree: Removed block walking back from the head num_hash=NumHash { number: 21137765, hash: 0x73550c7a14200d97cb04b9a7b98449ecef473eda6b58b7a5d607975850c2511c }
2024-11-07T19:09:52.731728Z DEBUG storage::db::mdbx: Commit total_duration=5.786µs commit_latency=Some(CommitLatency(MDBX_commit_latency { preparation: 0, gc_wallclock: 0, audit: 0, write: 0, sync: 0, ending: 0, whole: 1, gc_cputime: 0, gc_prof: MDBX_commit_latency__bindgen_ty_1 { wloops: 0, coalescences: 0, wipes: 0, flushes: 0, kicks: 0, work_counter: 0, work_rtime_monotonic: 0, work_xtime_cpu: 0, work_rsteps: 0, work_xpages: 0, work_majflt: 0, self_counter: 0, self_rtime_monotonic: 0, self_xtime_cpu: 0, self_rsteps: 0, self_xpages: 0, self_majflt: 0 } })) is_read_only=true
2024-11-07T19:09:57.731349Z DEBUG storage::db::mdbx: Commit total_duration=3.131µs commit_latency=Some(CommitLatency(MDBX_commit_latency { preparation: 0, gc_wallclock: 0, audit: 0, write: 0, sync: 0, ending: 0, whole: 1, gc_cputime: 0, gc_prof: MDBX_commit_latency__bindgen_ty_1 { wloops: 0, coalescences: 0, wipes: 0, flushes: 0, kicks: 0, work_counter: 0, work_rtime_monotonic: 0, work_xtime_cpu: 0, work_rsteps: 0, work_xpages: 0, work_majflt: 0, self_counter: 0, self_rtime_monotonic: 0, self_xtime_cpu: 0, self_rsteps: 0, self_xpages: 0, self_majflt: 0 } })) is_read_only=true
2024-11-07T19:10:00.918757Z DEBUG engine::tree: received new engine message msg=Request(NewPayload(parent: 0x8d1db8600501aafc92af589f8d564f9663998debf5ba6b41320b67895ee2b1b2, number: 21137768, hash: 0x97110a4ddc5e6c6addf0d55922041303a67f8e37f0a541b4a47aaff0a76e3047))
2024-11-07T19:10:00.921038Z DEBUG engine::tree: Inserting new block into tree block=NumHash { number: 21137768, hash: 0x97110a4ddc5e6c6addf0d55922041303a67f8e37f0a541b4a47aaff0a76e3047 }
2024-11-07T19:10:01.030394Z DEBUG trie::parallel_state_root: pre-calculating storage roots len=334
2024-11-07T19:10:01.414998Z DEBUG engine::tree: Calculated state root root_elapsed=396.272219ms block_number=21137768
2024-11-07T19:10:01.415020Z DEBUG engine::tree: updating pending block pending=NumHash { number: 21137768, hash: 0x97110a4ddc5e6c6addf0d55922041303a67f8e37f0a541b4a47aaff0a76e3047 }
2024-11-07T19:10:01.415104Z DEBUG engine::tree: Finished inserting block block=NumHash { number: 21137768, hash: 0x97110a4ddc5e6c6addf0d55922041303a67f8e37f0a541b4a47aaff0a76e3047 }
2024-11-07T19:10:01.415143Z DEBUG reth::cli: Event: Handler(CanonicalBlockAdded(NumHash { number: 21137768, hash: 0x97110a4ddc5e6c6addf0d55922041303a67f8e37f0a541b4a47aaff0a76e3047 }, 493.708925ms))
2024-11-07T19:10:01.415221Z  INFO reth_node_events::node: Block added to canonical chain number=21137768 hash=0x97110a4ddc5e6c6addf0d55922041303a67f8e37f0a541b4a47aaff0a76e3047 peers=100 txs=172 gas=14.27 Mgas gas_throughput=28.90 Mgas/second full=47.6% base_fee=21.04gwei blobs=0 excess_blobs=472 elapsed=493.708925ms
2024-11-07T19:10:01.599569Z DEBUG engine::tree: received new engine message msg=Request(ForkchoiceUpdated { state: ForkchoiceState { head_block_hash: 0x97110a4ddc5e6c6addf0d55922041303a67f8e37f0a541b4a47aaff0a76e3047, safe_block_hash: 0x3198732a7f2ae169d5dacf0324ed97003aa40f9e9bdf67d26d8a88b79b789d56, finalized_block_hash: 0x2c419e41b2f24c72549f62b875e377d21d24f7cd02ccbe9c399ddbfb9b354a50 }, has_payload_attributes: false })
2024-11-07T19:10:01.599878Z DEBUG engine::tree: Returning canonical blocks to persist last_persisted_number=21137765 canonical_head_number=21137768 target_number=21137766 current_hash=0x97110a4ddc5e6c6addf0d55922041303a67f8e37f0a541b4a47aaff0a76e3047
2024-11-07T19:10:01.599908Z DEBUG reth::cli: Event: Handler(CanonicalChainCommitted(NumHash { number: 21137768, hash: 0x97110a4ddc5e6c6addf0d55922041303a67f8e37f0a541b4a47aaff0a76e3047 }, 255.091µs))
2024-11-07T19:10:01.599921Z DEBUG reth::cli: Event: Handler(ForkchoiceUpdated(ForkchoiceState { head_block_hash: 0x97110a4ddc5e6c6addf0d55922041303a67f8e37f0a541b4a47aaff0a76e3047, safe_block_hash: 0x3198732a7f2ae169d5dacf0324ed97003aa40f9e9bdf67d26d8a88b79b789d56, finalized_block_hash: 0x2c419e41b2f24c72549f62b875e377d21d24f7cd02ccbe9c399ddbfb9b354a50 }, Valid))
2024-11-07T19:10:01.599954Z  INFO reth_node_events::node: Canonical chain committed number=21137768 hash=0x97110a4ddc5e6c6addf0d55922041303a67f8e37f0a541b4a47aaff0a76e3047 elapsed=255.091µs
2024-11-07T19:10:01.599953Z DEBUG engine::persistence: Saving range of blocks first=Some(NumHash { number: 21137766, hash: 0x9d67f9ba636130dca618e840e3b891f5e4a7f4e96324137b2927ae1e6b8f2648 }) last=Some(NumHash { number: 21137766, hash: 0x9d67f9ba636130dca618e840e3b891f5e4a7f4e96324137b2927ae1e6b8f2648 })
2024-11-07T19:10:01.600127Z DEBUG provider::storage_writer: Writing blocks and execution data to storage block_count=1
2024-11-07T19:10:01.638801Z DEBUG providers::db: Inserted block block_number=21137766 actions=[(InsertCanonicalHeaders, 73.314µs), (InsertHeaders, 27.781µs), (InsertHeaderNumbers, 54.091µs), (GetParentTD, 703ns), (InsertHeaderTerminalDifficulties, 23.681µs), (GetNextTxNum, 5.957µs), (InsertTransactionSenders, 314.002µs), (InsertTransactions, 1.418775ms), (InsertTransactionHashNumbers, 36.485912ms), (InsertBlockWithdrawals, 57.924µs), (InsertBlockBodyIndices, 48.731µs), (InsertTransactionBlocks, 61.617µs)]
2024-11-07T19:10:01.638827Z DEBUG provider::storage_writer: Writing headers and transactions.
2024-11-07T19:10:01.638846Z DEBUG provider::storage_writer: Updating transaction metadata after writing block_num=21137766
2024-11-07T19:10:01.763583Z DEBUG provider::storage_writer: Appended block data range=21137766..=21137766
2024-11-07T19:10:01.767064Z DEBUG provider::static_file: Commit segment=Headers path="/root/.local/share/reth/mainnet/static_files/static_file_headers_21000000_21499999" duration=3.456539ms
2024-11-07T19:10:01.770655Z DEBUG provider::static_file: Commit segment=Transactions path="/root/.local/share/reth/mainnet/static_files/static_file_transactions_21000000_21499999" duration=3.427671ms
2024-11-07T19:10:01.773928Z DEBUG provider::static_file: Commit segment=Receipts path="/root/.local/share/reth/mainnet/static_files/static_file_receipts_21000000_21499999" duration=3.146486ms
2024-11-07T19:10:01.821311Z DEBUG storage::db::mdbx: Commit total_duration=47.131621ms commit_latency=Some(CommitLatency(MDBX_commit_latency { preparation: 0, gc_wallclock: 30, audit: 0, write: 0, sync: 3049, ending: 2, whole: 3083, gc_cputime: 0, gc_prof: MDBX_commit_latency__bindgen_ty_1 { wloops: 0, coalescences: 0, wipes: 0, flushes: 0, kicks: 0, work_counter: 0, work_rtime_monotonic: 0, work_xtime_cpu: 0, work_rsteps: 0, work_xpages: 0, work_majflt: 0, self_counter: 0, self_rtime_monotonic: 0, self_xtime_cpu: 0, self_rsteps: 0, self_xpages: 0, self_majflt: 0 } })) is_read_only=false
2024-11-07T19:10:02.099959Z DEBUG engine::tree: received no engine message for some time, while waiting for persistence task to complete
2024-11-07T19:10:02.100008Z DEBUG engine::tree: Removing blocks from the tree upper_bound=NumHash { number: 21137766, hash: 0x9d67f9ba636130dca618e840e3b891f5e4a7f4e96324137b2927ae1e6b8f2648 } finalized_num_hash=Some(NumHash { number: 21137700, hash: 0x2c419e41b2f24c72549f62b875e377d21d24f7cd02ccbe9c399ddbfb9b354a50 })
2024-11-07T19:10:02.100017Z DEBUG engine::tree: Removing canonical blocks from the tree upper_bound=21137766 last_persisted_hash=0x9d67f9ba636130dca618e840e3b891f5e4a7f4e96324137b2927ae1e6b8f2648
2024-11-07T19:10:02.100023Z DEBUG engine::tree: Attempting to remove block walking back from the head num_hash=NumHash { number: 21137766, hash: 0x9d67f9ba636130dca618e840e3b891f5e4a7f4e96324137b2927ae1e6b8f2648 }
2024-11-07T19:10:02.100028Z DEBUG engine::tree: Removed block walking back from the head num_hash=NumHash { number: 21137766, hash: 0x9d67f9ba636130dca618e840e3b891f5e4a7f4e96324137b2927ae1e6b8f2648 }
2024-11-07T19:10:02.731559Z DEBUG storage::db::mdbx: Commit total_duration=3.617µs commit_latency=Some(CommitLatency(MDBX_commit_latency { preparation: 0, gc_wallclock: 0, audit: 0, write: 0, sync: 0, ending: 0, whole: 1, gc_cputime: 0, gc_prof: MDBX_commit_latency__bindgen_ty_1 { wloops: 0, coalescences: 0, wipes: 0, flushes: 0, kicks: 0, work_counter: 0, work_rtime_monotonic: 0, work_xtime_cpu: 0, work_rsteps: 0, work_xpages: 0, work_majflt: 0, self_counter: 0, self_rtime_monotonic: 0, self_xtime_cpu: 0, self_rsteps: 0, self_xpages: 0, self_majflt: 0 } })) is_read_only=true
2024-11-07T19:10:07.733238Z DEBUG storage::db::mdbx: Commit total_duration=7.794µs commit_latency=Some(CommitLatency(MDBX_commit_latency { preparation: 0, gc_wallclock: 0, audit: 0, write: 0, sync: 0, ending: 0, whole: 1, gc_cputime: 0, gc_prof: MDBX_commit_latency__bindgen_ty_1 { wloops: 0, coalescences: 0, wipes: 0, flushes: 0, kicks: 0, work_counter: 0, work_rtime_monotonic: 0, work_xtime_cpu: 0, work_rsteps: 0, work_xpages: 0, work_majflt: 0, self_counter: 0, self_rtime_monotonic: 0, self_xtime_cpu: 0, self_rsteps: 0, self_xpages: 0, self_majflt: 0 } })) is_read_only=true
2024-11-07T19:10:12.731659Z DEBUG storage::db::mdbx: Commit total_duration=5.406µs commit_latency=Some(CommitLatency(MDBX_commit_latency { preparation: 0, gc_wallclock: 0, audit: 0, write: 0, sync: 0, ending: 0, whole: 1, gc_cputime: 0, gc_prof: MDBX_commit_latency__bindgen_ty_1 { wloops: 0, coalescences: 0, wipes: 0, flushes: 0, kicks: 0, work_counter: 0, work_rtime_monotonic: 0, work_xtime_cpu: 0, work_rsteps: 0, work_xpages: 0, work_majflt: 0, self_counter: 0, self_rtime_monotonic: 0, self_xtime_cpu: 0, self_rsteps: 0, self_xpages: 0, self_majflt: 0 } })) is_read_only=true
2024-11-07T19:10:13.064864Z DEBUG engine::tree: received new engine message msg=Request(NewPayload(parent: 0x97110a4ddc5e6c6addf0d55922041303a67f8e37f0a541b4a47aaff0a76e3047, number: 21137769, hash: 0x562ec96ceef9d3446071057ad20c9e38cea85c0a2aec2ee3da5a579caf12ea0b))
2024-11-07T19:10:13.067384Z DEBUG engine::tree: Inserting new block into tree block=NumHash { number: 21137769, hash: 0x562ec96ceef9d3446071057ad20c9e38cea85c0a2aec2ee3da5a579caf12ea0b }
2024-11-07T19:10:13.165744Z DEBUG trie::parallel_state_root: pre-calculating storage roots len=396
2024-11-07T19:10:13.556712Z DEBUG engine::tree: Calculated state root root_elapsed=397.31387ms block_number=21137769
2024-11-07T19:10:13.556735Z DEBUG engine::tree: updating pending block pending=NumHash { number: 21137769, hash: 0x562ec96ceef9d3446071057ad20c9e38cea85c0a2aec2ee3da5a579caf12ea0b }
2024-11-07T19:10:13.556830Z DEBUG engine::tree: Finished inserting block block=NumHash { number: 21137769, hash: 0x562ec96ceef9d3446071057ad20c9e38cea85c0a2aec2ee3da5a579caf12ea0b }
2024-11-07T19:10:13.556852Z DEBUG reth::cli: Event: Handler(CanonicalBlockAdded(NumHash { number: 21137769, hash: 0x562ec96ceef9d3446071057ad20c9e38cea85c0a2aec2ee3da5a579caf12ea0b }, 489.013352ms))
2024-11-07T19:10:13.556917Z  INFO reth_node_events::node: Block added to canonical chain number=21137769 hash=0x562ec96ceef9d3446071057ad20c9e38cea85c0a2aec2ee3da5a579caf12ea0b peers=100 txs=180 gas=14.42 Mgas gas_throughput=29.50 Mgas/second full=48.1% base_fee=20.91gwei blobs=4 excess_blobs=469 elapsed=489.013352ms
2024-11-07T19:10:13.752136Z DEBUG engine::tree: received new engine message msg=Request(ForkchoiceUpdated { state: ForkchoiceState { head_block_hash: 0x562ec96ceef9d3446071057ad20c9e38cea85c0a2aec2ee3da5a579caf12ea0b, safe_block_hash: 0x3198732a7f2ae169d5dacf0324ed97003aa40f9e9bdf67d26d8a88b79b789d56, finalized_block_hash: 0x2c419e41b2f24c72549f62b875e377d21d24f7cd02ccbe9c399ddbfb9b354a50 }, has_payload_attributes: false })
2024-11-07T19:10:13.752456Z DEBUG engine::tree: Returning canonical blocks to persist last_persisted_number=21137766 canonical_head_number=21137769 target_number=21137767 current_hash=0x562ec96ceef9d3446071057ad20c9e38cea85c0a2aec2ee3da5a579caf12ea0b
2024-11-07T19:10:13.752517Z DEBUG reth::cli: Event: Handler(CanonicalChainCommitted(NumHash { number: 21137769, hash: 0x562ec96ceef9d3446071057ad20c9e38cea85c0a2aec2ee3da5a579caf12ea0b }, 261.067µs))
2024-11-07T19:10:13.752524Z DEBUG engine::persistence: Saving range of blocks first=Some(NumHash { number: 21137767, hash: 0x8d1db8600501aafc92af589f8d564f9663998debf5ba6b41320b67895ee2b1b2 }) last=Some(NumHash { number: 21137767, hash: 0x8d1db8600501aafc92af589f8d564f9663998debf5ba6b41320b67895ee2b1b2 })
2024-11-07T19:10:13.752538Z DEBUG reth::cli: Event: Handler(ForkchoiceUpdated(ForkchoiceState { head_block_hash: 0x562ec96ceef9d3446071057ad20c9e38cea85c0a2aec2ee3da5a579caf12ea0b, safe_block_hash: 0x3198732a7f2ae169d5dacf0324ed97003aa40f9e9bdf67d26d8a88b79b789d56, finalized_block_hash: 0x2c419e41b2f24c72549f62b875e377d21d24f7cd02ccbe9c399ddbfb9b354a50 }, Valid))
2024-11-07T19:10:13.752567Z  INFO reth_node_events::node: Canonical chain committed number=21137769 hash=0x562ec96ceef9d3446071057ad20c9e38cea85c0a2aec2ee3da5a579caf12ea0b elapsed=261.067µs
2024-11-07T19:10:13.752694Z DEBUG provider::storage_writer: Writing blocks and execution data to storage block_count=1
2024-11-07T19:10:13.800994Z DEBUG providers::db: Inserted block block_number=21137767 actions=[(InsertCanonicalHeaders, 115.071µs), (InsertHeaders, 33.347µs), (InsertHeaderNumbers, 36.552µs), (GetParentTD, 595ns), (InsertHeaderTerminalDifficulties, 19.552µs), (GetNextTxNum, 7.66µs), (InsertTransactionSenders, 449.088µs), (InsertTransactions, 2.339846ms), (InsertTransactionHashNumbers, 44.967984ms), (InsertBlockWithdrawals, 55.099µs), (InsertBlockBodyIndices, 47.508µs), (InsertTransactionBlocks, 47.887µs)]
2024-11-07T19:10:13.801026Z DEBUG provider::storage_writer: Writing headers and transactions.
2024-11-07T19:10:13.801047Z DEBUG provider::storage_writer: Updating transaction metadata after writing block_num=21137767
2024-11-07T19:10:13.914156Z ERROR engine::persistence: Persistence service failed err=ProviderError(Database(Read(DatabaseErrorInfo { message: "requested page not found", code: -30797 })))
2024-11-07T19:10:14.252532Z DEBUG engine::tree: received no engine message for some time, while waiting for persistence task to complete
2024-11-07T19:10:14.252691Z ERROR engine::tree: Advancing persistence failed err=channel closed
2024-11-07T19:10:14.290518Z ERROR ChainOrchestrator::poll: engine::tree: Fatal error
2024-11-07T19:10:14.290527Z DEBUG reth::cli: Event: FatalError
2024-11-07T19:10:14.290660Z ERROR reth::cli: Fatal error in consensus engine
2024-11-07T19:10:14.292577Z ERROR reth::cli: shutting down due to error
